android/app/build/intermediates/manifest_merge_blame_file/release/manifest-merger-blame-release-report.txt
1<?xml version="1.0" encoding="utf-8"?>
2<manifest xmlns:android="http://schemas.android.com/apk/res/android"
3    package="com.charliepalmer.rniapdemo"
4    android:versionCode="3"
5    android:versionName="1.0.2" >
6
7    <uses-sdk
8        android:minSdkVersion="21"
8-->src\main\AndroidManifest.xml
9        android:targetSdkVersion="31" />
9-->src\main\AndroidManifest.xml
10
11    <uses-permission android:name="android.permission.INTERNET" />
11-->src\main\AndroidManifest.xml:4:5-67
11-->src\main\AndroidManifest.xml:4:22-64
12    <uses-permission android:name="com.android.vending.BILLING" />
12-->src\main\AndroidManifest.xml:5:5-67
12-->src\main\AndroidManifest.xml:5:22-64
13    <uses-permission android:name="android.permission.ACCESS_NETWORK_STATE" />
13-->[:expo-updates] AndroidManifest.xml:9:5-79
13-->[:expo-updates] AndroidManifest.xml:9:22-76
14    <uses-permission android:name="android.permission.WRITE_EXTERNAL_STORAGE" />
14-->[:expo-file-system] AndroidManifest.xml:11:5-81
14-->[:expo-file-system] AndroidManifest.xml:11:22-78
15    <uses-permission android:name="android.permission.READ_EXTERNAL_STORAGE" />
15-->[:expo-file-system] AndroidManifest.xml:12:5-80
15-->[:expo-file-system] AndroidManifest.xml:12:22-77
16
17    <queries>
17-->[:expo-file-system] AndroidManifest.xml:14:5-20:15
18
19        <!-- Query open documents -->
20        <intent>
20-->[:expo-file-system] AndroidManifest.xml:17:9-19:18
21            <action android:name="android.intent.action.OPEN_DOCUMENT_TREE" />
21-->[:expo-file-system] AndroidManifest.xml:18:13-79
21-->[:expo-file-system] AndroidManifest.xml:18:21-76
22        </intent>
23    </queries>
24
25    <application
25-->src\main\AndroidManifest.xml:7:5-30:19
26        android:name="com.charliepalmer.rniapdemo.MainApplication"
26-->src\main\AndroidManifest.xml:8:7-38
27        android:allowBackup="false"
27-->src\main\AndroidManifest.xml:12:7-34
28        android:appComponentFactory="androidx.core.app.CoreComponentFactory"
28-->[androidx.core:core:1.3.0] AndroidManifest.xml:24:18-86
29        android:icon="@mipmap/ic_launcher"
29-->src\main\AndroidManifest.xml:10:7-41
30        android:label="@string/app_name"
30-->src\main\AndroidManifest.xml:9:7-39
31        android:roundIcon="@mipmap/ic_launcher_round"
31-->src\main\AndroidManifest.xml:11:7-52
32        android:theme="@style/AppTheme" >
32-->src\main\AndroidManifest.xml:13:7-38
33        <meta-data
33-->src\main\AndroidManifest.xml:14:7-128
34            android:name="expo.modules.updates.EXPO_UPDATE_URL"
34-->src\main\AndroidManifest.xml:14:18-69
35            android:value="https://exp.host/@charlie.palmer/my-app" />
35-->src\main\AndroidManifest.xml:14:70-125
36        <meta-data
36-->src\main\AndroidManifest.xml:15:7-96
37            android:name="expo.modules.updates.EXPO_SDK_VERSION"
37-->src\main\AndroidManifest.xml:15:18-70
38            android:value="38.0.0" />
38-->src\main\AndroidManifest.xml:15:71-93
39        <meta-data
39-->src\main\AndroidManifest.xml:16:7-101
40            android:name="expo.modules.updates.EXPO_RELEASE_CHANNEL"
40-->src\main\AndroidManifest.xml:16:18-74
41            android:value="default" />
41-->src\main\AndroidManifest.xml:16:75-98
42
43        <activity
43-->src\main\AndroidManifest.xml:18:3-29:18
44            android:name="com.charliepalmer.rniapdemo.MainActivity"
44-->src\main\AndroidManifest.xml:19:5-33
45            android:configChanges="keyboard|keyboardHidden|orientation|screenSize|uiMode"
45-->src\main\AndroidManifest.xml:22:9-86
46            android:exported="true"
46-->src\main\AndroidManifest.xml:21:9-32
47            android:label="@string/app_name"
47-->src\main\AndroidManifest.xml:20:9-41
48            android:launchMode="singleTask"
48-->src\main\AndroidManifest.xml:23:9-40
49            android:windowSoftInputMode="adjustResize" >
49-->src\main\AndroidManifest.xml:24:9-51
50            <intent-filter>
50-->src\main\AndroidManifest.xml:25:9-28:25
51                <action android:name="android.intent.action.MAIN" />
51-->src\main\AndroidManifest.xml:26:13-65
51-->src\main\AndroidManifest.xml:26:21-62
52
53                <category android:name="android.intent.category.LAUNCHER" />
53-->src\main\AndroidManifest.xml:27:13-73
53-->src\main\AndroidManifest.xml:27:23-70
54            </intent-filter>
55        </activity>
56
57        <meta-data
57-->[:unimodules-react-native-adapter] AndroidManifest.xml:10:9-12:91
58            android:name="org.unimodules.core.AppLoader#react-native-headless"
58-->[:unimodules-react-native-adapter] AndroidManifest.xml:11:13-79
59            android:value="org.unimodules.adapters.react.apploader.RNHeadlessAppLoader" />
59-->[:unimodules-react-native-adapter] AndroidManifest.xml:12:13-88
60
61        <provider
61-->[:expo-file-system] AndroidManifest.xml:23:9-32:20
62            android:name="expo.modules.filesystem.FileSystemFileProvider"
62-->[:expo-file-system] AndroidManifest.xml:24:13-74
63            android:authorities="com.charliepalmer.rniapdemo.FileSystemFileProvider"
63-->[:expo-file-system] AndroidManifest.xml:25:13-74
64            android:exported="false"
64-->[:expo-file-system] AndroidManifest.xml:26:13-37
65            android:grantUriPermissions="true" >
65-->[:expo-file-system] AndroidManifest.xml:27:13-47
66            <meta-data
66-->[:expo-file-system] AndroidManifest.xml:29:13-31:70
67                android:name="android.support.FILE_PROVIDER_PATHS"
67-->[:expo-file-system] AndroidManifest.xml:30:17-67
68                android:resource="@xml/file_system_provider_paths" />
68-->[:expo-file-system] AndroidManifest.xml:31:17-67
69        </provider>
70
71        <service
71-->[androidx.room:room-runtime:2.1.0] AndroidManifest.xml:25:9-27:40
72            android:name="androidx.room.MultiInstanceInvalidationService"
72-->[androidx.room:room-runtime:2.1.0] AndroidManifest.xml:26:13-74
73            android:exported="false" />
73-->[androidx.room:room-runtime:2.1.0] AndroidManifest.xml:27:13-37
74
75        <meta-data
75-->[com.android.billingclient:billing:3.0.0] AndroidManifest.xml:13:9-15:37
76            android:name="com.google.android.play.billingclient.version"
76-->[com.android.billingclient:billing:3.0.0] AndroidManifest.xml:14:13-73
77            android:value="3.0.0" />
77-->[com.android.billingclient:billing:3.0.0] AndroidManifest.xml:15:13-34
78
79        <activity
79-->[com.android.billingclient:billing:3.0.0] AndroidManifest.xml:17:9-20:75
80            android:name="com.android.billingclient.api.ProxyBillingActivity"
80-->[com.android.billingclient:billing:3.0.0] AndroidManifest.xml:18:13-78
81            android:configChanges="keyboard|keyboardHidden|screenLayout|screenSize|orientation"
81-->[com.android.billingclient:billing:3.0.0] AndroidManifest.xml:19:13-96
82            android:theme="@android:style/Theme.Translucent.NoTitleBar" />
82-->[com.android.billingclient:billing:3.0.0] AndroidManifest.xml:20:13-72
83    </application>
84
85</manifest>